<?xml version="1.0" encoding="UTF-8" standalone="no"?>
<testsuite errors="0" failures="0" name="io.cucumber.core.plugin.JUnitFormatter" skipped="0" tests="4" time="13.632">
    <testcase classname="Application login validation" name="Validate login process1" time="6.77">
        <system-out><![CDATA[Given User lands on application home page...................................passed
When User enters UserName as "admin" and Password as "admin"................passed
Then User sees successful login details.....................................passed
]]></system-out>
    </testcase>
    <testcase classname="Application login validation" name="Validate login process2" time="5.76">
        <system-out><![CDATA[Given User lands on application home page...................................passed
When User enters UserName as "admin" and Password as "admin"................passed
Then User sees successful login details.....................................passed
]]></system-out>
    </testcase>
    <testcase classname="Application login validation" name="Validate login process3" time="6.925">
        <system-out><![CDATA[Given User lands on application home page...................................passed
When User enters UserName as "admin" and Password as "admin"................passed
Then User sees successful login details.....................................passed
]]></system-out>
    </testcase>
    <testcase classname="Application login validation" name="Validate login process4" time="6.554">
        <system-out><![CDATA[Given User lands on application home page...................................passed
When User enters UserName as "admin" and Password as "admin"................passed
Then User sees successful login details.....................................passed
]]></system-out>
    </testcase>
</testsuite>
